Started GET "/" for 127.0.0.1 at 2023-11-24 15:31:48 +0200
  [1m[35m (1.5ms)[0m  [1m[35mCREATE TABLE "schema_migrations" ("version" varchar NOT NULL PRIMARY KEY)[0m
  [1m[35m (0.2ms)[0m  [1m[35mCREATE TABLE "ar_internal_metadata" ("key" varchar NOT NULL PRIMARY KEY, "value" varchar, "created_at" datetime(6) NOT NULL, "updated_at" datetime(6) NOT NULL)[0m
  [1m[36mActiveRecord::SchemaMigration Load (0.1ms)[0m  [1m[34mSELECT "schema_migrations"."version" FROM "schema_migrations" ORDER BY "schema_migrations"."version" ASC[0m
  
ActiveRecord::PendingMigrationError (

Migrations are pending. To resolve this issue, run:

        bin/rails db:migrate

You have 1 pending migration:

db/migrate/20231124132237_create_artists.rb


):
  
activerecord (7.1.2) lib/active_record/migration.rb:754:in `check_pending_migrations'
activerecord (7.1.2) lib/active_record/migration.rb:643:in `block (2 levels) in call'
activesupport (7.1.2) lib/active_support/file_update_checker.rb:85:in `execute'
activerecord (7.1.2) lib/active_record/migration.rb:648:in `block in call'
activerecord (7.1.2) lib/active_record/migration.rb:640:in `synchronize'
activerecord (7.1.2) lib/active_record/migration.rb:640:in `call'
actionpack (7.1.2) lib/action_dispatch/middleware/callbacks.rb:29:in `block in call'
activesupport (7.1.2) lib/active_support/callbacks.rb:101:in `run_callbacks'
actionpack (7.1.2) lib/action_dispatch/middleware/callbacks.rb:28:in `call'
actionpack (7.1.2) lib/action_dispatch/middleware/executor.rb:14:in `call'
actionpack (7.1.2) lib/action_dispatch/middleware/actionable_exceptions.rb:16:in `call'
actionpack (7.1.2) lib/action_dispatch/middleware/debug_exceptions.rb:29:in `call'
web-console (4.2.1) lib/web_console/middleware.rb:132:in `call_app'
web-console (4.2.1) lib/web_console/middleware.rb:28:in `block in call'
web-console (4.2.1) lib/web_console/middleware.rb:17:in `catch'
web-console (4.2.1) lib/web_console/middleware.rb:17:in `call'
actionpack (7.1.2) lib/action_dispatch/middleware/show_exceptions.rb:31:in `call'
railties (7.1.2) lib/rails/rack/logger.rb:37:in `call_app'
railties (7.1.2) lib/rails/rack/logger.rb:24:in `block in call'
activesupport (7.1.2) lib/active_support/tagged_logging.rb:135:in `block in tagged'
activesupport (7.1.2) lib/active_support/tagged_logging.rb:39:in `tagged'
activesupport (7.1.2) lib/active_support/tagged_logging.rb:135:in `tagged'
activesupport (7.1.2) lib/active_support/broadcast_logger.rb:240:in `method_missing'
railties (7.1.2) lib/rails/rack/logger.rb:24:in `call'
sprockets-rails (3.4.2) lib/sprockets/rails/quiet_assets.rb:13:in `call'
actionpack (7.1.2) lib/action_dispatch/middleware/remote_ip.rb:92:in `call'
actionpack (7.1.2) lib/action_dispatch/middleware/request_id.rb:28:in `call'
rack (3.0.8) lib/rack/method_override.rb:28:in `call'
rack (3.0.8) lib/rack/runtime.rb:24:in `call'
activesupport (7.1.2) lib/active_support/cache/strategy/local_cache_middleware.rb:29:in `call'
actionpack (7.1.2) lib/action_dispatch/middleware/server_timing.rb:59:in `block in call'
actionpack (7.1.2) lib/action_dispatch/middleware/server_timing.rb:24:in `collect_events'
actionpack (7.1.2) lib/action_dispatch/middleware/server_timing.rb:58:in `call'
actionpack (7.1.2) lib/action_dispatch/middleware/executor.rb:14:in `call'
actionpack (7.1.2) lib/action_dispatch/middleware/static.rb:25:in `call'
rack (3.0.8) lib/rack/sendfile.rb:114:in `call'
actionpack (7.1.2) lib/action_dispatch/middleware/host_authorization.rb:141:in `call'
railties (7.1.2) lib/rails/engine.rb:529:in `call'
puma (6.4.0) lib/puma/configuration.rb:272:in `call'
puma (6.4.0) lib/puma/request.rb:100:in `block in handle_request'
puma (6.4.0) lib/puma/thread_pool.rb:378:in `with_force_shutdown'
puma (6.4.0) lib/puma/request.rb:99:in `handle_request'
puma (6.4.0) lib/puma/server.rb:443:in `process_client'
puma (6.4.0) lib/puma/server.rb:241:in `block in run'
puma (6.4.0) lib/puma/thread_pool.rb:155:in `block in spawn_thread'
Started POST "/rails/actions" for 127.0.0.1 at 2023-11-24 15:31:56 +0200
  [1m[36mActiveRecord::InternalMetadata Load (0.1ms)[0m  [1m[34mSELECT * FROM "ar_internal_metadata" WHERE "ar_internal_metadata"."key" = ? ORDER BY "ar_internal_metadata"."key" ASC LIMIT 1[0m  [[nil, "environment"]]
  [1m[36mActiveRecord::InternalMetadata Create (1.5ms)[0m  [1m[32mINSERT INTO "ar_internal_metadata" ("key", "value", "created_at", "updated_at") VALUES ('environment', 'development', '2023-11-24 13:31:56.546141', '2023-11-24 13:31:56.546145') RETURNING "key"[0m
  [1m[36mActiveRecord::SchemaMigration Load (0.1ms)[0m  [1m[34mSELECT "schema_migrations"."version" FROM "schema_migrations" ORDER BY "schema_migrations"."version" ASC[0m
Migrating to CreateArtists (20231124132237)
  [1m[36mTRANSACTION (0.0ms)[0m  [1m[36mbegin transaction[0m
  [1m[35m (1.0ms)[0m  [1m[35mCREATE TABLE "artists" ("id" integer PRIMARY KEY AUTOINCREMENT NOT NULL, "name" varchar, "created_at" datetime(6) NOT NULL, "updated_at" datetime(6) NOT NULL)[0m
  [1m[36mActiveRecord::SchemaMigration Create (0.1ms)[0m  [1m[32mINSERT INTO "schema_migrations" ("version") VALUES ('20231124132237') RETURNING "version"[0m
  [1m[36mTRANSACTION (0.1ms)[0m  [1m[36mcommit transaction[0m
  [1m[36mActiveRecord::SchemaMigration Load (0.0ms)[0m  [1m[34mSELECT "schema_migrations"."version" FROM "schema_migrations" ORDER BY "schema_migrations"."version" ASC[0m
Started GET "/" for 127.0.0.1 at 2023-11-24 15:31:56 +0200
  [1m[36mActiveRecord::SchemaMigration Load (0.1ms)[0m  [1m[34mSELECT "schema_migrations"."version" FROM "schema_migrations" ORDER BY "schema_migrations"."version" ASC[0m
Processing by Rails::WelcomeController#index as HTML
  Rendering C:/Ruby32-x64/lib/ruby/gems/3.2.0/gems/railties-7.1.2/lib/rails/templates/rails/welcome/index.html.erb
  Rendered C:/Ruby32-x64/lib/ruby/gems/3.2.0/gems/railties-7.1.2/lib/rails/templates/rails/welcome/index.html.erb (Duration: 0.7ms | Allocations: 270)
Completed 200 OK in 20ms (Views: 2.4ms | ActiveRecord: 0.0ms | Allocations: 2766)


Started GET "/artists" for 127.0.0.1 at 2023-11-24 15:32:05 +0200
Processing by ArtistsController#index as HTML
  Rendering layout layouts/application.html.erb
  Rendering artists/index.html.erb within layouts/application
  [1m[36mArtist Load (0.1ms)[0m  [1m[34mSELECT "artists".* FROM "artists"[0m
  ↳ app/views/artists/index.html.erb:6
  Rendered artists/index.html.erb within layouts/application (Duration: 6.3ms | Allocations: 1386)
  Rendered layout layouts/application.html.erb (Duration: 570.5ms | Allocations: 93840)
Completed 500 Internal Server Error in 643ms (ActiveRecord: 2.6ms | Allocations: 104581)


  
ActionView::Template::Error (Permission denied @ rb_file_s_rename - (C:/projects/protoilua/rails/levyloota/tmp/cache/assets/sprockets/v4.0.0/ZH/ZHIpI9v4AGyNhc1td81-PtgO37IoW4QuH6f1hRlLMrc.cache.23420.8168.583805, C:/projects/protoilua/rails/levyloota/tmp/cache/assets/sprockets/v4.0.0/ZH/ZHIpI9v4AGyNhc1td81-PtgO37IoW4QuH6f1hRlLMrc.cache)):
  
sprockets (4.2.1) lib/sprockets/path_utils.rb:362:in `rename'
sprockets (4.2.1) lib/sprockets/path_utils.rb:362:in `atomic_write'
sprockets (4.2.1) lib/sprockets/cache/file_store.rb:112:in `set'
sprockets (4.2.1) lib/sprockets/cache.rb:227:in `set'
sprockets (4.2.1) lib/sprockets/cache.rb:143:in `set'
sprockets (4.2.1) lib/sprockets/loader.rb:265:in `store_asset'
sprockets (4.2.1) lib/sprockets/loader.rb:228:in `load_from_unloaded'
sprockets (4.2.1) lib/sprockets/loader.rb:59:in `block in load'
sprockets (4.2.1) lib/sprockets/loader.rb:339:in `fetch_asset_from_dependency_cache'
sprockets (4.2.1) lib/sprockets/loader.rb:43:in `load'
sprockets (4.2.1) lib/sprockets/cached_environment.rb:44:in `block in load'
concurrent-ruby (1.2.2) lib/concurrent-ruby/concurrent/map.rb:207:in `block in fetch_or_store'
concurrent-ruby (1.2.2) lib/concurrent-ruby/concurrent/map.rb:187:in `fetch'
concurrent-ruby (1.2.2) lib/concurrent-ruby/concurrent/map.rb:206:in `fetch_or_store'
sprockets (4.2.1) lib/sprockets/cached_environment.rb:44:in `load'
sprockets (4.2.1) lib/sprockets/bundle.rb:27:in `call'
sprockets (4.2.1) lib/sprockets/processor_utils.rb:84:in `call_processor'
sprockets (4.2.1) lib/sprockets/processor_utils.rb:66:in `block in call_processors'
sprockets (4.2.1) lib/sprockets/processor_utils.rb:65:in `reverse_each'
sprockets (4.2.1) lib/sprockets/processor_utils.rb:65:in `call_processors'
sprockets (4.2.1) lib/sprockets/loader.rb:184:in `load_from_unloaded'
sprockets (4.2.1) lib/sprockets/loader.rb:59:in `block in load'
sprockets (4.2.1) lib/sprockets/loader.rb:339:in `fetch_asset_from_dependency_cache'
sprockets (4.2.1) lib/sprockets/loader.rb:43:in `load'
sprockets (4.2.1) lib/sprockets/cached_environment.rb:44:in `block in load'
concurrent-ruby (1.2.2) lib/concurrent-ruby/concurrent/map.rb:207:in `block in fetch_or_store'
concurrent-ruby (1.2.2) lib/concurrent-ruby/concurrent/map.rb:187:in `fetch'
concurrent-ruby (1.2.2) lib/concurrent-ruby/concurrent/map.rb:206:in `fetch_or_store'
sprockets (4.2.1) lib/sprockets/cached_environment.rb:44:in `load'
sprockets (4.2.1) lib/sprockets/bundle.rb:32:in `block in call'
C:/Ruby32-x64/lib/ruby/3.2.0/set.rb:511:in `each_key'
C:/Ruby32-x64/lib/ruby/3.2.0/set.rb:511:in `each'
sprockets (4.2.1) lib/sprockets/bundle.rb:31:in `call'
sprockets (4.2.1) lib/sprockets/processor_utils.rb:84:in `call_processor'
sprockets (4.2.1) lib/sprockets/processor_utils.rb:66:in `block in call_processors'
sprockets (4.2.1) lib/sprockets/processor_utils.rb:65:in `reverse_each'
sprockets (4.2.1) lib/sprockets/processor_utils.rb:65:in `call_processors'
sprockets (4.2.1) lib/sprockets/loader.rb:184:in `load_from_unloaded'
sprockets (4.2.1) lib/sprockets/loader.rb:59:in `block in load'
sprockets (4.2.1) lib/sprockets/loader.rb:339:in `fetch_asset_from_dependency_cache'
sprockets (4.2.1) lib/sprockets/loader.rb:43:in `load'
sprockets (4.2.1) lib/sprockets/cached_environment.rb:44:in `block in load'
concurrent-ruby (1.2.2) lib/concurrent-ruby/concurrent/map.rb:207:in `block in fetch_or_store'
concurrent-ruby (1.2.2) lib/concurrent-ruby/concurrent/map.rb:187:in `fetch'
concurrent-ruby (1.2.2) lib/concurrent-ruby/concurrent/map.rb:206:in `fetch_or_store'
sprockets (4.2.1) lib/sprockets/cached_environment.rb:44:in `load'
sprockets (4.2.1) lib/sprockets/base.rb:81:in `find_asset'
sprockets (4.2.1) lib/sprockets/base.rb:88:in `find_all_linked_assets'
sprockets (4.2.1) lib/sprockets/manifest.rb:125:in `each'
sprockets (4.2.1) lib/sprockets/manifest.rb:125:in `to_a'
sprockets (4.2.1) lib/sprockets/manifest.rb:125:in `block (2 levels) in find'
concurrent-ruby (1.2.2) lib/concurrent-ruby/concurrent/executor/safe_task_executor.rb:24:in `block in execute'
concurrent-ruby (1.2.2) lib/concurrent-ruby/concurrent/synchronization/mutex_lockable_object.rb:48:in `block in synchronize'
concurrent-ruby (1.2.2) lib/concurrent-ruby/concurrent/synchronization/mutex_lockable_object.rb:48:in `synchronize'
concurrent-ruby (1.2.2) lib/concurrent-ruby/concurrent/synchronization/mutex_lockable_object.rb:48:in `synchronize'
concurrent-ruby (1.2.2) lib/concurrent-ruby/concurrent/executor/safe_task_executor.rb:22:in `execute'
concurrent-ruby (1.2.2) lib/concurrent-ruby/concurrent/promise.rb:564:in `block in realize'
concurrent-ruby (1.2.2) lib/concurrent-ruby/concurrent/executor/ruby_thread_pool_executor.rb:352:in `run_task'
concurrent-ruby (1.2.2) lib/concurrent-ruby/concurrent/executor/ruby_thread_pool_executor.rb:343:in `block (3 levels) in create_worker'
concurrent-ruby (1.2.2) lib/concurrent-ruby/concurrent/executor/ruby_thread_pool_executor.rb:334:in `loop'
concurrent-ruby (1.2.2) lib/concurrent-ruby/concurrent/executor/ruby_thread_pool_executor.rb:334:in `block (2 levels) in create_worker'
concurrent-ruby (1.2.2) lib/concurrent-ruby/concurrent/executor/ruby_thread_pool_executor.rb:333:in `catch'
concurrent-ruby (1.2.2) lib/concurrent-ruby/concurrent/executor/ruby_thread_pool_executor.rb:333:in `block in create_worker'
Started GET "/" for 127.0.0.1 at 2023-11-24 15:32:47 +0200
Processing by Rails::WelcomeController#index as HTML
  Rendering C:/Ruby32-x64/lib/ruby/gems/3.2.0/gems/railties-7.1.2/lib/rails/templates/rails/welcome/index.html.erb
  Rendered C:/Ruby32-x64/lib/ruby/gems/3.2.0/gems/railties-7.1.2/lib/rails/templates/rails/welcome/index.html.erb (Duration: 0.1ms | Allocations: 13)
Completed 200 OK in 4ms (Views: 0.8ms | ActiveRecord: 0.0ms | Allocations: 218)


Started GET "/artists" for 127.0.0.1 at 2023-11-24 15:33:07 +0200
  [1m[36mActiveRecord::SchemaMigration Load (0.1ms)[0m  [1m[34mSELECT "schema_migrations"."version" FROM "schema_migrations" ORDER BY "schema_migrations"."version" ASC[0m
Processing by ArtistsController#index as HTML
  Rendering layout layouts/application.html.erb
  Rendering artists/index.html.erb within layouts/application
  [1m[36mArtist Load (0.1ms)[0m  [1m[34mSELECT "artists".* FROM "artists"[0m
  ↳ app/views/artists/index.html.erb:6
  Rendered artists/index.html.erb within layouts/application (Duration: 8.6ms | Allocations: 1581)
  Rendered layout layouts/application.html.erb (Duration: 185.5ms | Allocations: 40201)
Completed 200 OK in 257ms (Views: 196.3ms | ActiveRecord: 3.0ms | Allocations: 51107)


  [1m[36mActiveRecord::InternalMetadata Load (0.2ms)[0m  [1m[34mSELECT * FROM "ar_internal_metadata" WHERE "ar_internal_metadata"."key" = ? ORDER BY "ar_internal_metadata"."key" ASC LIMIT 1[0m  [[nil, "environment"]]
  [1m[36mActiveRecord::SchemaMigration Load (0.1ms)[0m  [1m[34mSELECT "schema_migrations"."version" FROM "schema_migrations" ORDER BY "schema_migrations"."version" ASC[0m
Migrating to CreateAlbums (20231124133902)
  [1m[36mTRANSACTION (0.1ms)[0m  [1m[36mbegin transaction[0m
  [1m[35m (1.6ms)[0m  [1m[35mCREATE TABLE "albums" ("id" integer PRIMARY KEY AUTOINCREMENT NOT NULL, "name" varchar, "release_year" integer, "image_url" varchar, "artist_id" integer NOT NULL, "created_at" datetime(6) NOT NULL, "updated_at" datetime(6) NOT NULL, CONSTRAINT "fk_rails_124a79559a"
FOREIGN KEY ("artist_id")
  REFERENCES "artists" ("id")
)[0m
  [1m[35m (0.2ms)[0m  [1m[35mCREATE INDEX "index_albums_on_artist_id" ON "albums" ("artist_id")[0m
  [1m[36mActiveRecord::SchemaMigration Create (0.1ms)[0m  [1m[32mINSERT INTO "schema_migrations" ("version") VALUES ('20231124133902') RETURNING "version"[0m
  [1m[36mTRANSACTION (1.4ms)[0m  [1m[36mcommit transaction[0m
  [1m[36mActiveRecord::SchemaMigration Load (0.0ms)[0m  [1m[34mSELECT "schema_migrations"."version" FROM "schema_migrations" ORDER BY "schema_migrations"."version" ASC[0m
  [1m[36mActiveRecord::InternalMetadata Load (0.1ms)[0m  [1m[34mSELECT * FROM "ar_internal_metadata" WHERE "ar_internal_metadata"."key" = ? ORDER BY "ar_internal_metadata"."key" ASC LIMIT 1[0m  [[nil, "environment"]]
  [1m[36mActiveRecord::SchemaMigration Load (0.1ms)[0m  [1m[34mSELECT "schema_migrations"."version" FROM "schema_migrations" ORDER BY "schema_migrations"."version" ASC[0m
Migrating to CreateTracks (20231124134257)
  [1m[36mTRANSACTION (0.1ms)[0m  [1m[36mbegin transaction[0m
  [1m[35m (1.5ms)[0m  [1m[35mCREATE TABLE "tracks" ("id" integer PRIMARY KEY AUTOINCREMENT NOT NULL, "name" varchar, "track_number" integer, "album_id" integer NOT NULL, "created_at" datetime(6) NOT NULL, "updated_at" datetime(6) NOT NULL, CONSTRAINT "fk_rails_7c47d80164"
FOREIGN KEY ("album_id")
  REFERENCES "albums" ("id")
)[0m
  [1m[35m (0.1ms)[0m  [1m[35mCREATE INDEX "index_tracks_on_album_id" ON "tracks" ("album_id")[0m
  [1m[36mActiveRecord::SchemaMigration Create (0.1ms)[0m  [1m[32mINSERT INTO "schema_migrations" ("version") VALUES ('20231124134257') RETURNING "version"[0m
  [1m[36mTRANSACTION (0.2ms)[0m  [1m[36mcommit transaction[0m
  [1m[36mActiveRecord::SchemaMigration Load (0.0ms)[0m  [1m[34mSELECT "schema_migrations"."version" FROM "schema_migrations" ORDER BY "schema_migrations"."version" ASC[0m
